TN:
SF:C:/Users/PASCAL/Maintenance-Tracker-App/app.js
FN:18,(anonymous_1)
FN:31,(anonymous_2)
FN:38,(anonymous_3)
FNF:3
FNH:3
FNDA:1,(anonymous_1)
FNDA:3,(anonymous_2)
FNDA:1,(anonymous_3)
DA:1,1
DA:2,1
DA:3,1
DA:6,1
DA:8,1
DA:10,1
DA:12,1
DA:13,1
DA:14,1
DA:18,1
DA:19,1
DA:20,1
DA:28,1
DA:31,1
DA:32,3
DA:38,1
LF:16
LH:16
BRDA:10,0,0,1
BRDA:10,0,1,1
BRF:2
BRH:2
end_of_record
TN:
SF:C:/Users/PASCAL/Maintenance-Tracker-App/server/controllers/requests.js
FN:67,(anonymous_10)
FN:90,(anonymous_12)
FNF:2
FNH:2
FNDA:5,(anonymous_10)
FNDA:5,(anonymous_12)
DA:1,1
DA:15,1
DA:20,1
DA:21,1
DA:35,1
DA:36,1
DA:37,1
DA:38,1
DA:45,0
DA:46,0
DA:59,4
DA:60,2
DA:61,2
DA:62,2
DA:67,5
DA:68,2
DA:69,1
DA:70,1
DA:76,1
DA:89,2
DA:90,5
DA:91,2
DA:92,1
DA:98,1
LF:24
LH:22
BRDA:35,0,0,1
BRDA:35,0,1,0
BRDA:36,1,0,1
BRDA:36,1,1,0
BRDA:68,2,0,1
BRDA:68,2,1,1
BRDA:91,3,0,1
BRDA:91,3,1,1
BRF:8
BRH:6
end_of_record
TN:
SF:C:/Users/PASCAL/Maintenance-Tracker-App/server/controllers/users.js
FN:16,(anonymous_8)
FN:41,(anonymous_10)
FN:42,(anonymous_11)
FNF:3
FNH:3
FNDA:6,(anonymous_8)
FNDA:8,(anonymous_10)
FNDA:8,(anonymous_11)
DA:1,1
DA:13,4
DA:14,2
DA:15,2
DA:16,6
DA:17,2
DA:18,1
DA:23,1
DA:24,1
DA:37,4
DA:38,2
DA:39,2
DA:40,2
DA:41,8
DA:42,8
DA:43,2
DA:44,1
DA:50,1
LF:18
LH:18
BRDA:17,0,0,1
BRDA:17,0,1,1
BRDA:43,1,0,1
BRDA:43,1,1,1
BRDA:43,2,0,2
BRDA:43,2,1,2
BRF:6
BRH:6
end_of_record
TN:
SF:C:/Users/PASCAL/Maintenance-Tracker-App/server/middleware/userValidation.js
FN:17,(anonymous_8)
FNF:1
FNH:1
FNDA:5,(anonymous_8)
DA:1,1
DA:2,1
DA:17,12
DA:18,5
DA:19,1
DA:25,4
DA:26,4
DA:28,4
DA:29,1
DA:30,1
DA:36,3
DA:37,1
DA:41,3
DA:42,1
DA:45,3
DA:46,1
DA:50,3
DA:51,1
DA:52,2
LF:19
LH:19
BRDA:18,0,0,1
BRDA:18,0,1,4
BRDA:24,1,0,0
BRDA:24,1,1,4
BRDA:28,2,0,1
BRDA:28,2,1,3
BRDA:28,3,0,4
BRDA:28,3,1,3
BRDA:28,3,2,3
BRDA:36,4,0,1
BRDA:36,4,1,2
BRDA:41,5,0,1
BRDA:41,5,1,2
BRDA:45,6,0,1
BRDA:45,6,1,2
BRDA:50,7,0,1
BRDA:50,7,1,2
BRF:17
BRH:16
end_of_record
TN:
SF:C:/Users/PASCAL/Maintenance-Tracker-App/server/middleware/validation.js
FNF:0
FNH:0
DA:1,1
DA:15,14
DA:18,7
DA:19,7
DA:21,7
DA:22,1
DA:23,1
DA:29,6
DA:30,4
DA:31,1
DA:34,2
DA:38,6
DA:39,2
DA:42,6
DA:43,3
DA:44,3
LF:16
LH:16
BRDA:21,0,0,1
BRDA:21,0,1,6
BRDA:21,1,0,7
BRDA:21,1,1,6
BRDA:29,2,0,4
BRDA:29,2,1,2
BRDA:30,3,0,1
BRDA:30,3,1,3
BRDA:38,4,0,2
BRDA:38,4,1,4
BRDA:42,5,0,3
BRDA:42,5,1,3
BRF:12
BRH:12
end_of_record
TN:
SF:C:/Users/PASCAL/Maintenance-Tracker-App/server/models/testData.js
FNF:0
FNH:0
DA:1,1
DA:22,1
DA:36,1
LF:3
LH:3
BRF:0
BRH:0
end_of_record
TN:
SF:C:/Users/PASCAL/Maintenance-Tracker-App/server/routes/routes.js
FNF:0
FNH:0
DA:1,1
DA:2,1
DA:3,1
DA:4,1
DA:5,1
DA:7,1
DA:9,1
DA:13,1
DA:17,1
DA:19,1
LF:10
LH:10
BRF:0
BRH:0
end_of_record
