TN:
SF:C:/Users/PASCAL/Maintenance-Tracker-App/app.js
FN:18,(anonymous_1)
FN:31,(anonymous_2)
FN:38,(anonymous_3)
FNF:3
FNH:3
FNDA:1,(anonymous_1)
FNDA:3,(anonymous_2)
FNDA:1,(anonymous_3)
DA:1,1
DA:2,1
DA:3,1
DA:6,1
DA:8,1
DA:10,1
DA:12,1
DA:13,1
DA:14,1
DA:18,1
DA:19,1
DA:20,1
DA:28,1
DA:31,1
DA:32,3
DA:38,1
LF:16
LH:16
BRDA:10,0,0,1
BRDA:10,0,1,1
BRF:2
BRH:2
end_of_record
TN:
SF:C:/Users/PASCAL/Maintenance-Tracker-App/server/controllers/requests.js
FN:67,(anonymous_10)
FN:90,(anonymous_12)
FNF:2
FNH:2
FNDA:5,(anonymous_10)
FNDA:5,(anonymous_12)
DA:1,1
DA:15,1
DA:20,1
DA:21,1
DA:35,1
DA:36,1
DA:37,1
DA:38,1
DA:45,0
DA:46,0
DA:59,4
DA:60,2
DA:61,2
DA:62,2
DA:67,5
DA:68,2
DA:69,1
DA:70,1
DA:76,1
DA:89,2
DA:90,5
DA:91,2
DA:92,1
DA:98,1
LF:24
LH:22
BRDA:35,0,0,1
BRDA:35,0,1,0
BRDA:36,1,0,1
BRDA:36,1,1,0
BRDA:68,2,0,1
BRDA:68,2,1,1
BRDA:91,3,0,1
BRDA:91,3,1,1
BRF:8
BRH:6
end_of_record
TN:
SF:C:/Users/PASCAL/Maintenance-Tracker-App/server/middleware/validation.js
FNF:0
FNH:0
DA:1,1
DA:15,14
DA:18,7
DA:19,7
DA:21,7
DA:22,1
DA:23,1
DA:29,6
DA:30,4
DA:31,1
DA:34,2
DA:38,6
DA:39,2
DA:42,6
DA:43,3
DA:44,3
LF:16
LH:16
BRDA:21,0,0,1
BRDA:21,0,1,6
BRDA:21,1,0,7
BRDA:21,1,1,6
BRDA:29,2,0,4
BRDA:29,2,1,2
BRDA:30,3,0,1
BRDA:30,3,1,3
BRDA:38,4,0,2
BRDA:38,4,1,4
BRDA:42,5,0,3
BRDA:42,5,1,3
BRF:12
BRH:12
end_of_record
TN:
SF:C:/Users/PASCAL/Maintenance-Tracker-App/server/models/testData.js
FNF:0
FNH:0
DA:1,1
DA:16,1
DA:30,1
LF:3
LH:3
BRF:0
BRH:0
end_of_record
TN:
SF:C:/Users/PASCAL/Maintenance-Tracker-App/server/routes/routes.js
FNF:0
FNH:0
DA:1,1
DA:2,1
DA:3,1
DA:5,1
DA:7,1
DA:11,1
LF:6
LH:6
BRF:0
BRH:0
end_of_record
TN:
SF:C:/Users/PASCAL/Maintenance-Tracker-App/server/specs/test.js
FN:14,(anonymous_1)
FN:15,(anonymous_2)
FN:16,(anonymous_3)
FN:20,(anonymous_4)
FN:31,(anonymous_5)
FN:32,(anonymous_6)
FN:38,(anonymous_7)
FN:47,(anonymous_8)
FN:51,(anonymous_9)
FN:60,(anonymous_10)
FN:64,(anonymous_11)
FN:74,(anonymous_12)
FN:75,(anonymous_13)
FN:76,(anonymous_14)
FN:81,(anonymous_15)
FN:91,(anonymous_16)
FN:99,(anonymous_17)
FN:108,(anonymous_18)
FN:116,(anonymous_19)
FN:123,(anonymous_20)
FN:124,(anonymous_21)
FN:132,(anonymous_22)
FN:141,(anonymous_23)
FN:142,(anonymous_24)
FN:143,(anonymous_25)
FN:151,(anonymous_26)
FN:161,(anonymous_27)
FN:169,(anonymous_28)
FN:178,(anonymous_29)
FN:179,(anonymous_30)
FN:187,(anonymous_31)
FN:197,(anonymous_32)
FN:198,(anonymous_33)
FN:199,(anonymous_34)
FN:204,(anonymous_35)
FN:214,(anonymous_36)
FN:215,(anonymous_37)
FN:216,(anonymous_38)
FN:221,(anonymous_39)
FN:229,(anonymous_40)
FN:230,(anonymous_41)
FN:235,(anonymous_42)
FNF:42
FNH:42
FNDA:1,(anonymous_1)
FNDA:1,(anonymous_2)
FNDA:1,(anonymous_3)
FNDA:1,(anonymous_4)
FNDA:1,(anonymous_5)
FNDA:1,(anonymous_6)
FNDA:1,(anonymous_7)
FNDA:1,(anonymous_8)
FNDA:1,(anonymous_9)
FNDA:1,(anonymous_10)
FNDA:1,(anonymous_11)
FNDA:1,(anonymous_12)
FNDA:1,(anonymous_13)
FNDA:1,(anonymous_14)
FNDA:1,(anonymous_15)
FNDA:1,(anonymous_16)
FNDA:1,(anonymous_17)
FNDA:1,(anonymous_18)
FNDA:1,(anonymous_19)
FNDA:1,(anonymous_20)
FNDA:1,(anonymous_21)
FNDA:1,(anonymous_22)
FNDA:1,(anonymous_23)
FNDA:1,(anonymous_24)
FNDA:1,(anonymous_25)
FNDA:1,(anonymous_26)
FNDA:1,(anonymous_27)
FNDA:1,(anonymous_28)
FNDA:1,(anonymous_29)
FNDA:1,(anonymous_30)
FNDA:1,(anonymous_31)
FNDA:1,(anonymous_32)
FNDA:1,(anonymous_33)
FNDA:1,(anonymous_34)
FNDA:1,(anonymous_35)
FNDA:1,(anonymous_36)
FNDA:1,(anonymous_37)
FNDA:1,(anonymous_38)
FNDA:1,(anonymous_39)
FNDA:1,(anonymous_40)
FNDA:1,(anonymous_41)
FNDA:1,(anonymous_42)
DA:4,1
DA:5,1
DA:6,1
DA:7,1
DA:10,1
DA:11,1
DA:12,1
DA:15,1
DA:16,1
DA:17,1
DA:21,1
DA:25,1
DA:26,1
DA:31,1
DA:32,1
DA:33,1
DA:39,1
DA:42,1
DA:43,1
DA:47,1
DA:48,1
DA:52,1
DA:55,1
DA:56,1
DA:60,1
DA:61,1
DA:65,1
DA:68,1
DA:69,1
DA:74,1
DA:75,1
DA:76,1
DA:77,1
DA:82,1
DA:86,1
DA:87,1
DA:91,1
DA:92,1
DA:100,1
DA:101,1
DA:102,1
DA:103,1
DA:104,1
DA:108,1
DA:109,1
DA:117,1
DA:118,1
DA:123,1
DA:124,1
DA:125,1
DA:133,1
DA:134,1
DA:135,1
DA:141,1
DA:142,1
DA:143,1
DA:144,1
DA:152,1
DA:156,1
DA:157,1
DA:161,1
DA:162,1
DA:170,1
DA:171,1
DA:172,1
DA:173,1
DA:178,1
DA:179,1
DA:180,1
DA:188,1
DA:189,1
DA:190,1
DA:191,1
DA:197,1
DA:198,1
DA:199,1
DA:200,1
DA:205,1
DA:206,1
DA:207,1
DA:208,1
DA:214,1
DA:215,1
DA:216,1
DA:217,1
DA:222,1
DA:223,1
DA:224,1
DA:229,1
DA:230,1
DA:231,1
DA:236,1
DA:237,1
DA:238,1
LF:94
LH:94
BRDA:25,0,0,0
BRDA:25,0,1,1
BRDA:42,1,0,0
BRDA:42,1,1,1
BRDA:55,2,0,0
BRDA:55,2,1,1
BRDA:68,3,0,0
BRDA:68,3,1,1
BRDA:86,4,0,0
BRDA:86,4,1,1
BRDA:103,5,0,0
BRDA:103,5,1,1
BRDA:156,6,0,0
BRDA:156,6,1,1
BRDA:172,7,0,0
BRDA:172,7,1,1
BRDA:190,8,0,0
BRDA:190,8,1,1
BRF:18
BRH:9
end_of_record
